<?xml version="1.0" encoding="UTF-8"?>
<!-- Generated by org.testng.reporters.JUnitReportReporter -->
<testsuite hostname="DESKTOP-E2JOFU2" failures="0" tests="2" name="CrmUsingCongfAnnotation.CreateProduct" time="48.461" errors="0" timestamp="2024-10-24T17:11:32 IST" skipped="0">
  <testcase classname="CrmUsingCongfAnnotation.CreateProduct" name="createProductwithctgry" time="24.679"/>
  <testcase classname="CrmUsingCongfAnnotation.CreateProduct" name="createProductwithlastname" time="23.782"/>
</testsuite> <!-- CrmUsingCongfAnnotation.CreateProduct -->
